TN:
SF:/home/developer/pwi/web-components/table/table.js
FN:2,(anonymous_0)
FN:35,(anonymous_1)
FN:39,(anonymous_2)
FN:49,(anonymous_3)
FN:53,(anonymous_4)
FN:57,(anonymous_5)
FN:61,(anonymous_6)
FN:65,(anonymous_7)
FN:75,(anonymous_8)
FN:82,(anonymous_9)
FN:86,(anonymous_10)
FN:96,(anonymous_11)
FN:114,(anonymous_12)
FN:117,(anonymous_13)
FN:125,(anonymous_14)
FNF:15
FNH:13
FNDA:4,(anonymous_0)
FNDA:1,(anonymous_1)
FNDA:7,(anonymous_2)
FNDA:6,(anonymous_3)
FNDA:0,(anonymous_4)
FNDA:4,(anonymous_5)
FNDA:0,(anonymous_6)
FNDA:9,(anonymous_7)
FNDA:50,(anonymous_8)
FNDA:9,(anonymous_9)
FNDA:7,(anonymous_10)
FNDA:7,(anonymous_11)
FNDA:7,(anonymous_12)
FNDA:7,(anonymous_13)
FNDA:8,(anonymous_14)
DA:3,4
DA:4,4
DA:5,4
DA:6,4
DA:7,4
DA:29,4
DA:30,4
DA:36,1
DA:40,7
DA:41,4
DA:43,6
DA:44,3
DA:50,6
DA:54,0
DA:58,4
DA:62,0
DA:66,9
DA:67,9
DA:68,9
DA:69,3
DA:70,2
DA:71,2
DA:74,8
DA:75,8
DA:76,50
DA:79,8
DA:83,9
DA:87,7
DA:88,7
DA:90,7
DA:91,0
DA:93,7
DA:97,7
DA:111,7
DA:115,7
DA:116,7
DA:117,7
DA:118,7
DA:119,7
DA:122,7
DA:126,8
DA:127,8
DA:128,58
DA:130,8
DA:142,1
LF:45
LH:42
BRDA:40,0,0,4
BRDA:40,0,1,3
BRDA:43,1,0,3
BRDA:43,1,1,3
BRDA:68,2,0,3
BRDA:68,2,1,6
BRDA:69,3,0,3
BRDA:69,3,1,0
BRDA:70,4,0,2
BRDA:70,4,1,0
BRDA:70,5,0,2
BRDA:70,5,1,2
BRDA:70,5,2,2
BRDA:74,6,0,8
BRDA:74,6,1,0
BRDA:90,7,0,0
BRDA:90,7,1,7
BRDA:90,8,0,7
BRDA:90,8,1,0
BRDA:91,9,0,0
BRDA:91,9,1,0
BRDA:116,10,0,7
BRDA:116,10,1,0
BRF:23
BRH:15
end_of_record
